Removed Pin From Net: NetName=NetNOT1_6 Pin=R5-2
Removed Member From Class: ClassName=BSPDSchematic Member=R5
Added Component: Designator=LED1(1206_A)
Add component (AddParameter): Name = "Color"; Value = "Green"; VariantName = "[No Variations]"
Add component (AddParameter): Name = "ComponentLink1Description"; Value = "Manufacturer URL"; VariantName = "[No Variations]"
Add component (AddParameter): Name = "ComponentLink1URL"; Value = "http://www.we-online.com"; VariantName = "[No Variations]"
Add component (AddParameter): Name = "ComponentLink2Description"; Value = "Datasheet"; VariantName = "[No Variations]"
Add component (AddParameter): Name = "ComponentLink2URL"; Value = "http://katalog.we-online.com/led/datasheet/150120GS75000.pdf"; VariantName = "[No Variations]"
Add component (AddParameter): Name = "Manufacturer"; Value = "Wuerth Elektronik"; VariantName = "[No Variations]"
Add component (AddParameter): Name = "PackageReference"; Value = "1206_A"; VariantName = "[No Variations]"
Add component (AddParameter): Name = "PartNumber"; Value = "150120GS75000"; VariantName = "[No Variations]"
Added Component: Designator=LED2(1206_A)
Add component (AddParameter): Name = "Color"; Value = "Green"; VariantName = "[No Variations]"
Add component (AddParameter): Name = "ComponentLink1Description"; Value = "Manufacturer URL"; VariantName = "[No Variations]"
Add component (AddParameter): Name = "ComponentLink1URL"; Value = "http://www.we-online.com"; VariantName = "[No Variations]"
Add component (AddParameter): Name = "ComponentLink2Description"; Value = "Datasheet"; VariantName = "[No Variations]"
Add component (AddParameter): Name = "ComponentLink2URL"; Value = "http://katalog.we-online.com/led/datasheet/150120GS75000.pdf"; VariantName = "[No Variations]"
Add component (AddParameter): Name = "Manufacturer"; Value = "Wuerth Elektronik"; VariantName = "[No Variations]"
Add component (AddParameter): Name = "PackageReference"; Value = "1206_A"; VariantName = "[No Variations]"
Add component (AddParameter): Name = "PartNumber"; Value = "150120GS75000"; VariantName = "[No Variations]"
Added Component: Designator=P1(JST-B5B-PH-SM4-TB_V)
Add component (AddParameter): Name = "Datasheet URL"; Value = "http://datasheet.octopart.com/B5B-PH-SM4-TB%28LF%29%28SN%29-JST-datasheet-56537.pdf"; VariantName = "[No Variations]"
Add component (AddParameter): Name = "Datasheet Version"; Value = "10/2005"; VariantName = "[No Variations]"
Add component (AddParameter): Name = "Manufacturer"; Value = "JST"; VariantName = "[No Variations]"
Add component (AddParameter): Name = "Manufacturer URL"; Value = "http://www.jst.com/home2.html"; VariantName = "[No Variations]"
Add component (AddParameter): Name = "Mounting Technology"; Value = "SurfaceMount"; VariantName = "[No Variations]"
Add component (AddParameter): Name = "No of Positions"; Value = "5"; VariantName = "[No Variations]"
Add component (AddParameter): Name = "Package Description"; Value = "Male Header, Pitch 2 mm, 1 x 5 Position, Height 6.6 mm"; VariantName = "[No Variations]"
Add component (AddParameter): Name = "Package Reference"; Value = "B5B-PH-SM4-TB"; VariantName = "[No Variations]"
Add component (AddParameter): Name = "Pitch"; Value = "2mm"; VariantName = "[No Variations]"
Add component (AddParameter): Name = "Style/Orientation"; Value = "StraightHeader/Plug"; VariantName = "[No Variations]"
Add component (AddParameter): Name = "Termination"; Value = "Solder"; VariantName = "[No Variations]"
Add component (AddParameter): Name = "Type"; Value = "ShroudedHeader"; VariantName = "[No Variations]"
Added Component: Designator=P2(SMTC-TSM-108-01-X-SH)
Add component (AddParameter): Name = "ComponentLink1Description"; Value = "Manufacturer URL"; VariantName = "[No Variations]"
Add component (AddParameter): Name = "ComponentLink1URL"; Value = "http://www.samtec.com"; VariantName = "[No Variations]"
Add component (AddParameter): Name = "ComponentLink2Description"; Value = "Datasheet"; VariantName = "[No Variations]"
Add component (AddParameter): Name = "ComponentLink2URL"; Value = "http://www.samtec.com/documents/webfiles/pdf/TSM.PDF"; VariantName = "[No Variations]"
Add component (AddParameter): Name = "ComponentLink3Description"; Value = "Package Specification"; VariantName = "[No Variations]"
Add component (AddParameter): Name = "ComponentLink3URL"; Value = "http://www.samtec.com/documents/webfiles/cpdf/TSM-1XX-XX-XXX-SH-XX-XXX-XX-MKT1.pdf"; VariantName = "[No Variations]"
Add component (AddParameter): Name = "DatasheetVersion"; Value = "F-214"; VariantName = "[No Variations]"
Add component (AddParameter): Name = "Manufacturer"; Value = "Samtec"; VariantName = "[No Variations]"
Add component (AddParameter): Name = "Mounting Technology"; Value = "Surface Mount"; VariantName = "[No Variations]"
Add component (AddParameter): Name = "Orientation"; Value = "Horizontal"; VariantName = "[No Variations]"
Add component (AddParameter): Name = "PackageDescription"; Value = "Terminal Strip Single Surface Mount"; VariantName = "[No Variations]"
Add component (AddParameter): Name = "PackageReference"; Value = "TSM-108-01-X-SH"; VariantName = "[No Variations]"
Add component (AddParameter): Name = "PackageVersion"; Value = "CD, 7/1991"; VariantName = "[No Variations]"
Add component (AddParameter): Name = "PartNumber"; Value = "TSM-108-01-T-SH"; VariantName = "[No Variations]"
Add component (AddParameter): Name = "Pitch"; Value = "2.54 mm"; VariantName = "[No Variations]"
Add component (AddParameter): Name = "RoHS"; Value = "True"; VariantName = "[No Variations]"
Add component (AddParameter): Name = "Temperature Range"; Value = "-55 to 105 degC"; VariantName = "[No Variations]"
Added Component: Designator=P3(SMTC-TSM-108-01-X-SH)
Add component (AddParameter): Name = "ComponentLink1Description"; Value = "Manufacturer URL"; VariantName = "[No Variations]"
Add component (AddParameter): Name = "ComponentLink1URL"; Value = "http://www.samtec.com"; VariantName = "[No Variations]"
Add component (AddParameter): Name = "ComponentLink2Description"; Value = "Datasheet"; VariantName = "[No Variations]"
Add component (AddParameter): Name = "ComponentLink2URL"; Value = "http://www.samtec.com/documents/webfiles/pdf/TSM.PDF"; VariantName = "[No Variations]"
Add component (AddParameter): Name = "ComponentLink3Description"; Value = "Package Specification"; VariantName = "[No Variations]"
Add component (AddParameter): Name = "ComponentLink3URL"; Value = "http://www.samtec.com/documents/webfiles/cpdf/TSM-1XX-XX-XXX-SH-XX-XXX-XX-MKT1.pdf"; VariantName = "[No Variations]"
Add component (AddParameter): Name = "DatasheetVersion"; Value = "F-214"; VariantName = "[No Variations]"
Add component (AddParameter): Name = "Manufacturer"; Value = "Samtec"; VariantName = "[No Variations]"
Add component (AddParameter): Name = "Mounting Technology"; Value = "Surface Mount"; VariantName = "[No Variations]"
Add component (AddParameter): Name = "Orientation"; Value = "Horizontal"; VariantName = "[No Variations]"
Add component (AddParameter): Name = "PackageDescription"; Value = "Terminal Strip Single Surface Mount"; VariantName = "[No Variations]"
Add component (AddParameter): Name = "PackageReference"; Value = "TSM-108-01-X-SH"; VariantName = "[No Variations]"
Add component (AddParameter): Name = "PackageVersion"; Value = "CD, 7/1991"; VariantName = "[No Variations]"
Add component (AddParameter): Name = "PartNumber"; Value = "TSM-108-01-T-SH"; VariantName = "[No Variations]"
Add component (AddParameter): Name = "Pitch"; Value = "2.54 mm"; VariantName = "[No Variations]"
Add component (AddParameter): Name = "RoHS"; Value = "True"; VariantName = "[No Variations]"
Add component (AddParameter): Name = "Temperature Range"; Value = "-55 to 105 degC"; VariantName = "[No Variations]"
Added Component: Designator=R17(RESC3216X60X45ML10T20)
Add component (AddParameter): Name = "Manufacturer"; Value = "Vishay Dale"; VariantName = "[No Variations]"
Add component (AddParameter): Name = "Part Number"; Value = "CRCW1206220RFKEA"; VariantName = "[No Variations]"
Added Component: Designator=R18(RESC3216X60X45ML10T20)
Add component (AddParameter): Name = "Manufacturer"; Value = "Vishay Dale"; VariantName = "[No Variations]"
Add component (AddParameter): Name = "Part Number"; Value = "CRCW1206220RFKEA"; VariantName = "[No Variations]"
Added Component: Designator=R19(RESC3216X60X45ML10T20)
Add component (AddParameter): Name = "Manufacturer"; Value = "Vishay Dale"; VariantName = "[No Variations]"
Add component (AddParameter): Name = "Part Number"; Value = "CRCW1206220RFKEA"; VariantName = "[No Variations]"
Added Component: Designator=U1(D0014A_L)
Add component (AddParameter): Name = "Bits(#)"; Value = "4"; VariantName = "[No Variations]"
Add component (AddParameter): Name = "Code_JEDEC"; Value = "MS-012"; VariantName = "[No Variations]"
Add component (AddParameter): Name = "DatasheetVersion"; Value = "SCLS076E"; VariantName = "[No Variations]"
Add component (AddParameter): Name = "F @ Nom Voltage(Max)(Mhz)"; Value = "70"; VariantName = "[No Variations]"
Add component (AddParameter): Name = "Generic Part Number"; Value = "SN74HC02"; VariantName = "[No Variations]"
Add component (AddParameter): Name = "ICC @ Nom Voltage(Max)(mA)"; Value = "0.02"; VariantName = "[No Variations]"
Add component (AddParameter): Name = "Input Type"; Value = "CMOS"; VariantName = "[No Variations]"
Add component (AddParameter): Name = "Manufacturer"; Value = "Texas Instruments"; VariantName = "[No Variations]"
Add component (AddParameter): Name = "Operating Temperature Range(C)"; Value = "-40 to 85"; VariantName = "[No Variations]"
Add component (AddParameter): Name = "Output Drive (IOL/IOH)(Max)(mA)"; Value = "4/-4"; VariantName = "[No Variations]"
Add component (AddParameter): Name = "Output Type"; Value = "CMOS"; VariantName = "[No Variations]"
Add component (AddParameter): Name = "PackageReference"; Value = "D0014A"; VariantName = "[No Variations]"
Add component (AddParameter): Name = "PackageVersion"; Value = "http://www.ti.com/lit/ml/mpds177g/mpds177g.pdf"; VariantName = "[No Variations]"
Add component (AddParameter): Name = "Rating"; Value = "Catalog"; VariantName = "[No Variations]"
Add component (AddParameter): Name = "tpd @ Nom Voltage(Max)(ns)"; Value = "23"; VariantName = "[No Variations]"
Add component (AddParameter): Name = "VCC(Max)(V)"; Value = "6"; VariantName = "[No Variations]"
Add component (AddParameter): Name = "VCC(Min)(V)"; Value = "2"; VariantName = "[No Variations]"
Add component (AddParameter): Name = "Voltage(Nom)(V)"; Value = "5"; VariantName = "[No Variations]"
Added Pin To Net: NetName=+5 Pin=LED1-2
Added Pin To Net: NetName=+12 Pin=P1-1
Added Pin To Net: NetName=ACCEL_IN Pin=P1-3
Added Pin To Net: NetName=BRAKE_IN Pin=P1-4
Added Pin To Net: NetName=GND Pin=P1-5
Added Pin To Net: NetName=GND Pin=P1-MP1
Added Pin To Net: NetName=GND Pin=P1-MP2
Added Pin To Net: NetName=GND Pin=R17-2
Added Pin To Net: NetName=GND Pin=R18-2
Added Pin To Net: NetName=GND Pin=R19-2
Added Pin To Net: NetName=NetNOT1_6 Pin=U1-2
Added Pin To Net: NetName=GND Pin=U1-6
Added Pin To Net: NetName=GND Pin=U1-7
Added Pin To Net: NetName=+5 Pin=U1-14
Change Net Name : Old Net Name=NetC15_2 New Net Name=PRE_DELAY
Change Net Name : Old Net Name=NetCOM4_4 New Net Name=FAULT5
Change Net Name : Old Net Name=NetCOMP1_4 New Net Name=FAULT1
Change Net Name : Old Net Name=NetCOMP2_4 New Net Name=FAULT2
Change Net Name : Old Net Name=NetCOMP3_4 New Net Name=FAULT4
Change Net Name : Old Net Name=NetCOMP5_4 New Net Name=FAULT3
Change Net Name : Old Net Name=NetCOMP6_4 New Net Name=FAULT6
Added Pin To Net: NetName=FAULT_OUT Pin=LED2-2
Added Pin To Net: NetName=FAULT_OUT Pin=P1-2
Added Pin To Net: NetName=FAULT_OUT Pin=U1-1
Added Pin To Net: NetName=FAULT_OUT Pin=U1-5
Added Net: Name=FAULT_OUT
Added Pin To Net: NetName=NetLED1_1 Pin=LED1-1
Added Pin To Net: NetName=NetLED1_1 Pin=R19-1
Added Net: Name=NetLED1_1
Added Pin To Net: NetName=NetLED2_1 Pin=LED2-1
Added Pin To Net: NetName=NetLED2_1 Pin=R18-1
Added Net: Name=NetLED2_1
Added Pin To Net: NetName=NetU1_3 Pin=U1-3
Added Pin To Net: NetName=NetU1_3 Pin=U1-4
Added Net: Name=NetU1_3
Added Pin To Net: NetName=POST_DELAY Pin=COMP7-4
Added Pin To Net: NetName=POST_DELAY Pin=NOT1-1
Added Pin To Net: NetName=POST_DELAY Pin=R17-1
Added Net: Name=POST_DELAY
Added Member To Class: ClassName=BSPDSchematic Member=Component LED1 150120GS75000
Added Member To Class: ClassName=BSPDSchematic Member=Component LED2 150120GS75000
Added Member To Class: ClassName=BSPDSchematic Member=Component P1 TC33X-2-103E
Added Member To Class: ClassName=BSPDSchematic Member=Component P2 TC33X-2-103E
Added Member To Class: ClassName=BSPDSchematic Member=Component P3 TC33X-2-103E
Added Member To Class: ClassName=BSPDSchematic Member=Component R17 10k
Added Member To Class: ClassName=BSPDSchematic Member=Component R18 220
Added Member To Class: ClassName=BSPDSchematic Member=Component R19 220
Added Member To Class: ClassName=BSPDSchematic Member=Component U1 MAX6129BEUK50+T
