Removed Pin From Net: NetName=FAULT1 Pin=U2-1
Removed Pin From Net: NetName=FAULT3 Pin=U2-2
Removed Pin From Net: NetName=NetR20_1 Pin=U2-3
Removed Pin From Net: NetName=NetR20_1 Pin=U2-4
Removed Pin From Net: NetName=NetND2_4 Pin=U2-5
Removed Pin From Net: NetName=NetR21_1 Pin=U2-6
Removed Pin From Net: NetName=GND Pin=U2-7
Removed Pin From Net: NetName=NetR22_1 Pin=U2-8
Removed Pin From Net: NetName=FAULT4 Pin=U2-9
Removed Pin From Net: NetName=FAULT6 Pin=U2-10
Removed Pin From Net: NetName=NetR6_1 Pin=U2-11
Removed Pin From Net: NetName=NetR21_1 Pin=U2-12
Removed Pin From Net: NetName=NetR22_1 Pin=U2-13
Removed Pin From Net: NetName=+5 Pin=U2-14
Added Component: Designator=U2(PW0014A_N)
Add component (AddParameter): Name = "Bits(#)"; Value = "4"; VariantName = "[No Variations]"
Add component (AddParameter): Name = "Code_JEDEC"; Value = "MO-153"; VariantName = "[No Variations]"
Add component (AddParameter): Name = "DatasheetVersion"; Value = "SCLS064E"; VariantName = "[No Variations]"
Add component (AddParameter): Name = "F @ Nom Voltage(Max)(Mhz)"; Value = "25"; VariantName = "[No Variations]"
Add component (AddParameter): Name = "Generic Part Number"; Value = "SN74HCT32"; VariantName = "[No Variations]"
Add component (AddParameter): Name = "ICC @ Nom Voltage(Max)(mA)"; Value = "0.02"; VariantName = "[No Variations]"
Add component (AddParameter): Name = "Input Type"; Value = "TTL"; VariantName = "[No Variations]"
Add component (AddParameter): Name = "Manufacturer"; Value = "Texas Instruments"; VariantName = "[No Variations]"
Add component (AddParameter): Name = "Operating Temperature Range(C)"; Value = "-40 to 85"; VariantName = "[No Variations]"
Add component (AddParameter): Name = "Output Drive (IOL/IOH)(Max)(mA)"; Value = "4/-4"; VariantName = "[No Variations]"
Add component (AddParameter): Name = "Output Type"; Value = "CMOS"; VariantName = "[No Variations]"
Add component (AddParameter): Name = "PackageReference"; Value = "PW0014A"; VariantName = "[No Variations]"
Add component (AddParameter): Name = "PackageVersion"; Value = "http://www.ti.com/lit/ml/mpds360/mpds360.pdf"; VariantName = "[No Variations]"
Add component (AddParameter): Name = "Rating"; Value = "Catalog"; VariantName = "[No Variations]"
Add component (AddParameter): Name = "tpd @ Nom Voltage(Max)(ns)"; Value = "27"; VariantName = "[No Variations]"
Add component (AddParameter): Name = "VCC(Max)(V)"; Value = "5.5"; VariantName = "[No Variations]"
Add component (AddParameter): Name = "VCC(Min)(V)"; Value = "4.5"; VariantName = "[No Variations]"
Add component (AddParameter): Name = "Voltage(Nom)(V)"; Value = "5"; VariantName = "[No Variations]"
Added Pin To Net: NetName=FAULT1 Pin=U2-1
Added Pin To Net: NetName=FAULT3 Pin=U2-2
Added Pin To Net: NetName=NetR20_1 Pin=U2-3
Added Pin To Net: NetName=NetR20_1 Pin=U2-4
Added Pin To Net: NetName=NetND2_4 Pin=U2-5
Added Pin To Net: NetName=NetR21_1 Pin=U2-6
Added Pin To Net: NetName=GND Pin=U2-7
Added Pin To Net: NetName=NetR22_1 Pin=U2-8
Added Pin To Net: NetName=FAULT4 Pin=U2-9
Added Pin To Net: NetName=FAULT6 Pin=U2-10
Added Pin To Net: NetName=NetR6_1 Pin=U2-11
Added Pin To Net: NetName=NetR21_1 Pin=U2-12
Added Pin To Net: NetName=NetR22_1 Pin=U2-13
Added Pin To Net: NetName=+5 Pin=U2-14
Added Member To Class: ClassName=BSPDSchematic Member=Component U1 SN74HC02DR
