Removed Pin From Net: NetName=GND Pin=R16-2
Removed Pin From Net: NetName=GND Pin=U2-2
Removed Pin From Net: NetName=FAULT4 Pin=U2-3
Removed Pin From Net: NetName=NetR6_1 Pin=U2-4
Removed Pin From Net: NetName=+5 Pin=U2-5
Removed Pin From Net: NetName=FAULT6 Pin=U2-6
Removed Pin From Net: NetName=FAULT1 Pin=U3-1
Removed Pin From Net: NetName=GND Pin=U3-2
Removed Pin From Net: NetName=FAULT3 Pin=U3-3
Removed Pin From Net: NetName=+5 Pin=U3-5
Removed Pin From Net: NetName=NetND2_4 Pin=U3-6
Removed Member From Class: ClassName=BSPDSchematic Member=R16
Removed Member From Class: ClassName=BSPDSchematic Member=U3
Change Component Footprint: Designator=U2 Old Footprint=*PSON50P145X100X55-6N New Footprint=NXP-SOT27-1-14
Change Component Comment : Designator=U2 Old Comment=NC7SV00L6X New Comment=74HCT32N
Change Managed Component Library Link : Designator=U2 Old VaultGUID= New VaultGUID=B7D15EC3-160A-466F-A46C-7801FE6295A7 Old ItemGUID= New ItemGUID=3A0070D5-5CA6-430C-AE27-E4EB41E0D88A Old RevisionGUID= New RevisionGUID=881684C3-6C85-490F-BB37-5FDC72D4DB99
Change component parameters: Designator = "U2" ("U2"); Footprint = "*PSON50P145X100X55-6N"; UniqueID = "\TFSMXQGB" ("\TFSMXQGB")
Change component parameters (AddParameter): Name = "ComponentLink1Description"; Value = "Manufacturer URL"; VariantName = "[No Variations]"
Change component parameters (AddParameter): Name = "ComponentLink1URL"; Value = "http://www.nxp.com/"; VariantName = "[No Variations]"
Change component parameters (AddParameter): Name = "ComponentLink2Description"; Value = "Datasheet"; VariantName = "[No Variations]"
Change component parameters (AddParameter): Name = "ComponentLink2URL"; Value = "http://www.nxp.com/documents/data_sheet/74HC_HCT32.pdf"; VariantName = "[No Variations]"
Change component parameters (AddParameter): Name = "ComponentLink3Description"; Value = "Package Specification"; VariantName = "[No Variations]"
Change component parameters (AddParameter): Name = "ComponentLink3URL"; Value = "http://www.nxp.com/documents/outline_drawing/sot027-1_po.pdf"; VariantName = "[No Variations]"
Change component parameters (AddParameter): Name = "DatasheetVersion"; Value = "Rev. 5"; VariantName = "[No Variations]"
Change component parameters (AddParameter): Name = "fmax (MHz)"; Value = "36"; VariantName = "[No Variations]"
Change component parameters (AddParameter): Name = "Input levels"; Value = "TTL"; VariantName = "[No Variations]"
Change component parameters (AddParameter): Name = "Manufacturer"; Value = "NXP Semiconductors"; VariantName = "[No Variations]"
Change component parameters (AddParameter): Name = "Mounting Technology"; Value = "Through Hole"; VariantName = "[No Variations]"
Change component parameters (AddParameter): Name = "Nr of bits"; Value = "4"; VariantName = "[No Variations]"
Change component parameters (AddParameter): Name = "Output drive capability (mA)"; Value = "+/- 4"; VariantName = "[No Variations]"
Change component parameters (AddParameter): Name = "PackageDescription"; Value = "14-Pin plastic dual in-line package, Body 19.025 x 6.34 mm, Pitch 2.54 mm"; VariantName = "[No Variations]"
Change component parameters (AddParameter): Name = "PackageReference"; Value = "SOT27-1"; VariantName = "[No Variations]"
Change component parameters (AddParameter): Name = "PackageVersion"; Value = "Feb-03"; VariantName = "[No Variations]"
Change component parameters (AddParameter): Name = "Packing"; Value = "Bulk"; VariantName = "[No Variations]"
Change component parameters (AddParameter): Name = "PartNumber"; Value = "74HCT32N"; VariantName = "[No Variations]"
Change component parameters (AddParameter): Name = "RoHS"; Value = "TRUE"; VariantName = "[No Variations]"
Change component parameters (AddParameter): Name = "Temperature Range"; Value = "-40 to 125 degC"; VariantName = "[No Variations]"
Change component parameters (AddParameter): Name = "tpd (ns)"; Value = "9"; VariantName = "[No Variations]"
Change component parameters (AddParameter): Name = "VCC (V)"; Value = "4.5 to 5.5"; VariantName = "[No Variations]"
Added Component: Designator=R20(RESC3216X60X45ML10T20)
Add component (AddParameter): Name = "Manufacturer"; Value = "Vishay Dale"; VariantName = "[No Variations]"
Add component (AddParameter): Name = "Part Number"; Value = "CRCW1206220RFKEA"; VariantName = "[No Variations]"
Added Component: Designator=R21(RESC3216X60X45ML10T20)
Add component (AddParameter): Name = "Manufacturer"; Value = "Vishay Dale"; VariantName = "[No Variations]"
Add component (AddParameter): Name = "Part Number"; Value = "CRCW1206220RFKEA"; VariantName = "[No Variations]"
Added Component: Designator=R22(RESC3216X60X45ML10T20)
Add component (AddParameter): Name = "Manufacturer"; Value = "Vishay Dale"; VariantName = "[No Variations]"
Add component (AddParameter): Name = "Part Number"; Value = "CRCW1206220RFKEA"; VariantName = "[No Variations]"
Added Pin To Net: NetName=GND Pin=R20-2
Added Pin To Net: NetName=GND Pin=R21-2
Added Pin To Net: NetName=GND Pin=R22-2
Added Pin To Net: NetName=FAULT1 Pin=U2-1
Added Pin To Net: NetName=FAULT3 Pin=U2-2
Added Pin To Net: NetName=NetND2_4 Pin=U2-5
Added Pin To Net: NetName=GND Pin=U2-7
Added Pin To Net: NetName=FAULT4 Pin=U2-9
Added Pin To Net: NetName=FAULT6 Pin=U2-10
Added Pin To Net: NetName=NetR6_1 Pin=U2-11
Added Pin To Net: NetName=+5 Pin=U2-14
Added Pin To Net: NetName=NetR20_1 Pin=R20-1
Added Pin To Net: NetName=NetR20_1 Pin=U2-3
Added Pin To Net: NetName=NetR20_1 Pin=U2-4
Added Net: Name=NetR20_1
Added Pin To Net: NetName=NetR21_1 Pin=R21-1
Added Pin To Net: NetName=NetR21_1 Pin=U2-6
Added Pin To Net: NetName=NetR21_1 Pin=U2-12
Added Net: Name=NetR21_1
Added Pin To Net: NetName=NetR22_1 Pin=R22-1
Added Pin To Net: NetName=NetR22_1 Pin=U2-8
Added Pin To Net: NetName=NetR22_1 Pin=U2-13
Added Net: Name=NetR22_1
Added Member To Class: ClassName=BSPDSchematic Member=Component P5 TC33X-2-103E
Added Member To Class: ClassName=BSPDSchematic Member=Component R20 10k
Added Member To Class: ClassName=BSPDSchematic Member=Component R21 10k
Added Member To Class: ClassName=BSPDSchematic Member=Component R22 10k
Added Member To Class: ClassName=BSPDSchematic Member=Component U1 SN74HC02DR
